<?xml version="1.0" encoding="UTF-8"?>
<!-- Generated by org.testng.reporters.JUnitXMLReporter -->
<testsuite ignored="0" hostname="DECOMM-PC" failures="0" tests="4" name="Default test" time="5.294" errors="0" timestamp="2023-01-03T14:11:59 PST">
  <testcase classname="TestCases.CreateEmpData" name="createEmpData" time="4.042"/>
  <testcase classname="TestCases.CreateEmpData" name="deleteEmpData" time="0.534"/>
  <testcase classname="TestCases.CreateEmpData" name="deleteDeletedEmpData" time="0.4"/>
  <testcase classname="TestCases.CreateEmpData" name="getDetailsOfUser" time="0.244"/>
</testsuite> <!-- Default test -->
